[debug] [2020-07-14T18:39:01.429Z] ----------------------------------------------------------------------
[debug] [2020-07-14T18:39:01.431Z] Command:       C:\Program Files\nodejs\node.exe C:\Users\Jesús\AppData\Roaming\npm\node_modules\firebase-tools\lib\bin\firebase.js deploy --only hosting:restaurante1
[debug] [2020-07-14T18:39:01.431Z] CLI Version:   8.5.0
[debug] [2020-07-14T18:39:01.431Z] Platform:      win32
[debug] [2020-07-14T18:39:01.431Z] Node Version:  v14.2.0
[debug] [2020-07-14T18:39:01.432Z] Time:          Tue Jul 14 2020 20:39:01 GMT+0200 (hora de verano de Europa central)
[debug] [2020-07-14T18:39:01.432Z] ----------------------------------------------------------------------
[debug] [2020-07-14T18:39:01.432Z] 
[debug] [2020-07-14T18:39:01.439Z] > command requires scopes: ["email","openid","https://www.googleapis.com/auth/cloudplatformprojects.readonly","https://www.googleapis.com/auth/firebase","https://www.googleapis.com/auth/cloud-platform"]
[debug] [2020-07-14T18:39:01.440Z] > authorizing via signed-in user
[debug] [2020-07-14T18:39:01.440Z] [iam] checking project restaurante1-f78f5 for permissions ["firebase.projects.get","firebasehosting.sites.update"]
[debug] [2020-07-14T18:39:01.442Z] >>> HTTP REQUEST POST https://cloudresourcemanager.googleapis.com/v1/projects/restaurante1-f78f5:testIamPermissions  
 {"permissions":["firebase.projects.get","firebasehosting.sites.update"]}
[debug] [2020-07-14T18:39:01.689Z] <<< HTTP RESPONSE 200 {"content-type":"application/json; charset=UTF-8","vary":"X-Origin, Referer, Origin,Accept-Encoding","date":"Tue, 14 Jul 2020 18:39:02 GMT","server":"ESF","cache-control":"private","x-xss-protection":"0","x-frame-options":"SAMEORIGIN","x-content-type-options":"nosniff","server-timing":"gfet4t7; dur=145","alt-svc":"h3-29=\":443\"; ma=2592000,h3-27=\":443\"; ma=2592000,h3-25=\":443\"; ma=2592000,h3-T050=\":443\"; ma=2592000,h3-Q050=\":443\"; ma=2592000,h3-Q046=\":443\"; ma=2592000,h3-Q043=\":443\"; ma=2592000,quic=\":443\"; ma=2592000; v=\"46,43\"","accept-ranges":"none","transfer-encoding":"chunked"}
[debug] [2020-07-14T18:39:01.696Z] >>> HTTP REQUEST GET https://firebase.googleapis.com/v1beta1/projects/restaurante1-f78f5  
 
[debug] [2020-07-14T18:39:01.960Z] <<< HTTP RESPONSE 200 {"content-type":"application/json; charset=UTF-8","vary":"X-Origin, Referer, Origin,Accept-Encoding","date":"Tue, 14 Jul 2020 18:39:02 GMT","server":"ESF","cache-control":"private","x-xss-protection":"0","x-frame-options":"SAMEORIGIN","x-content-type-options":"nosniff","alt-svc":"h3-29=\":443\"; ma=2592000,h3-27=\":443\"; ma=2592000,h3-25=\":443\"; ma=2592000,h3-T050=\":443\"; ma=2592000,h3-Q050=\":443\"; ma=2592000,h3-Q046=\":443\"; ma=2592000,h3-Q043=\":443\"; ma=2592000,quic=\":443\"; ma=2592000; v=\"46,43\"","accept-ranges":"none","transfer-encoding":"chunked"}
[info] 
[info] === Deploying to 'restaurante1-f78f5'...
[info] 
[info] i  deploying hosting 
[info] 
[info] +  Deploy complete! 
[info] 
[info] Project Console: https://console.firebase.google.com/project/restaurante1-f78f5/overview
[debug] [2020-07-14T18:39:02.014Z] TypeError: Cannot read property 'deploys' of undefined
    at C:\Users\Jesús\AppData\Roaming\npm\node_modules\firebase-tools\lib\deploy\index.js:84:36
    at processTicksAndRejections (internal/process/task_queues.js:97:5)
[error] 
[error] Error: An unexpected error has occurred.
